{"level":"info","message":"TodoBack listening on port 7574","service":"user-service","timestamp":"2022-06-03T05:26:02.470Z"}
{"level":"error","message":"GET /todolists?page=1&pageSize=10&search=&filter=0 304 1260.889 ms - -","service":"user-service","timestamp":"2022-06-03T05:26:04.489Z"}
{"level":"error","message":"GET /todolists?page=1&pageSize=10&search= 200 1391.244 ms - 1039","service":"user-service","timestamp":"2022-06-03T05:26:41.499Z"}
{"level":"error","message":"General Error Server 504","service":"user-service","timestamp":"2022-06-03T05:26:41.629Z"}
{"level":"error","message":"GET /favicon.ico 504 0.959 ms - 24","service":"user-service","timestamp":"2022-06-03T05:26:41.630Z"}
{"level":"error","message":"POST /todolists/6298b7f967e460b8360558ad 200 1408.352 ms - 41","service":"user-service","timestamp":"2022-06-03T05:26:48.646Z"}
{"level":"error","message":"GET /todolists?page=1&pageSize=10&search=&filter=0 200 1928.280 ms - 2362141","service":"user-service","timestamp":"2022-06-03T05:26:50.584Z"}
{"level":"info","message":"TodoBack listening on port 7574","service":"user-service","timestamp":"2022-06-03T05:33:49.876Z"}
{"level":"info","message":"TodoBack listening on port 7574","service":"user-service","timestamp":"2022-06-03T05:34:24.114Z"}
{"level":"info","message":"TodoBack listening on port 7574","service":"user-service","timestamp":"2022-06-03T05:34:38.636Z"}
{"level":"error","message":"Error params id todolist","service":"user-service","timestamp":"2022-06-03T05:35:08.779Z"}
{"level":"error","message":"POST /todolists/6298b7f967e460b8360558ad 500 1272.850 ms - 19","service":"user-service","timestamp":"2022-06-03T05:35:08.783Z"}
{"level":"info","message":"TodoBack listening on port 7574","service":"user-service","timestamp":"2022-06-03T05:35:56.737Z"}
{"level":"error","message":"GET /todolists?page=1&pageSize=10&search=&filter=0 200 1096.002 ms - 6760","service":"user-service","timestamp":"2022-06-03T05:35:58.904Z"}
{"level":"error","message":"POST /todolists/6298b7f967e460b8360558ad 201 1231.158 ms - 37","service":"user-service","timestamp":"2022-06-03T05:36:28.509Z"}
{"level":"error","message":"GET /todolists?page=1&pageSize=10&search=&filter=0 - - ms - -","service":"user-service","timestamp":"2022-06-03T05:37:59.604Z"}
{"level":"error","message":"GET /todolists?page=1&pageSize=10&search=&filter=0 200 1166.598 ms - 6761","service":"user-service","timestamp":"2022-06-03T05:38:01.315Z"}
{"level":"error","message":"POST /todolists/6298b7f967e460b8360558ad 201 2311.126 ms - 37","service":"user-service","timestamp":"2022-06-03T05:38:15.460Z"}
{"level":"error","message":"GET /todolists?page=1&pageSize=10&search=&filter=0 - - ms - -","service":"user-service","timestamp":"2022-06-03T05:38:50.743Z"}
{"level":"error","message":"GET /todolists?page=1&pageSize=10&search=&filter=0 200 2164.361 ms - 2362144","service":"user-service","timestamp":"2022-06-03T05:38:53.465Z"}
{"level":"error","message":"GET /todolists?page=1&pageSize=10&search=&filter=0 304 1999.721 ms - -","service":"user-service","timestamp":"2022-06-03T05:39:13.572Z"}
{"level":"error","message":"GET /todolists?page=1&pageSize=10&search=&filter=0 - - ms - -","service":"user-service","timestamp":"2022-06-03T05:39:39.272Z"}
{"level":"error","message":"GET /todolists?page=1&pageSize=10&search=&filter=0 200 2121.537 ms - 2362144","service":"user-service","timestamp":"2022-06-03T05:39:41.948Z"}
{"level":"error","message":"POST /todolists/6298b7f967e460b8360558ad 201 968.977 ms - 37","service":"user-service","timestamp":"2022-06-03T05:39:57.646Z"}
{"level":"error","message":"GET /todolists?page=1&pageSize=10&search=&filter=0 200 970.230 ms - 6766","service":"user-service","timestamp":"2022-06-03T05:40:28.327Z"}
{"level":"error","message":"GET /todolists?page=1&pageSize=10&search=&filter=0 304 1086.460 ms - -","service":"user-service","timestamp":"2022-06-03T05:40:32.440Z"}
{"level":"error","message":"GET /todolists?page=1&pageSize=10&search=&filter=0 304 952.578 ms - -","service":"user-service","timestamp":"2022-06-03T05:40:36.791Z"}
{"level":"error","message":"POST /todolists/6298b7f967e460b8360558ad 201 2430.679 ms - 37","service":"user-service","timestamp":"2022-06-03T05:40:57.773Z"}
{"level":"error","message":"GET /todolists?page=1&pageSize=10&search=&filter=0 200 1753.171 ms - 2362158","service":"user-service","timestamp":"2022-06-03T05:40:59.537Z"}
{"level":"error","message":"GET /todolists?page=1&pageSize=10&search=&filter=0 304 1569.801 ms - -","service":"user-service","timestamp":"2022-06-03T05:41:12.008Z"}
{"level":"error","message":"GET /todolists?page=1&pageSize=10&search=&filter=0 304 1982.785 ms - -","service":"user-service","timestamp":"2022-06-03T05:52:48.477Z"}
{"level":"error","message":"GET /todolists?page=1&pageSize=10&search=&filter=0 304 2013.528 ms - -","service":"user-service","timestamp":"2022-06-03T05:52:55.657Z"}
{"level":"error","message":"GET /todolists?page=1&pageSize=10&search=&filter=0 304 2177.772 ms - -","service":"user-service","timestamp":"2022-06-03T05:54:19.815Z"}
{"level":"error","message":"GET /todolists?page=1&pageSize=10&search=&filter=0 304 2071.300 ms - -","service":"user-service","timestamp":"2022-06-03T05:54:29.957Z"}
{"level":"error","message":"GET /todolists?page=1&pageSize=10&search=&filter=0 304 2638.191 ms - -","service":"user-service","timestamp":"2022-06-03T05:57:06.337Z"}
{"level":"error","message":"GET /todolists?page=1&pageSize=10&search=&filter=0 304 1986.457 ms - -","service":"user-service","timestamp":"2022-06-03T05:57:39.483Z"}
{"level":"error","message":"GET /todolists?page=1&pageSize=10&search=&filter=0 304 2504.284 ms - -","service":"user-service","timestamp":"2022-06-03T05:58:06.530Z"}
{"level":"error","message":"GET /todolists?page=1&pageSize=10&search=&filter=0 304 2362.073 ms - -","service":"user-service","timestamp":"2022-06-03T05:58:56.223Z"}
{"level":"error","message":"GET /todolists?page=1&pageSize=10&search=&filter=0 304 2774.163 ms - -","service":"user-service","timestamp":"2022-06-03T06:00:02.156Z"}
{"level":"error","message":"GET /todolists?page=1&pageSize=5&search=&filter=0 200 2468.731 ms - 2361654","service":"user-service","timestamp":"2022-06-03T06:11:08.210Z"}
{"level":"error","message":"GET /todolists?page=1&pageSize=10&search= 200 2035.497 ms - 2362158","service":"user-service","timestamp":"2022-06-03T06:11:24.210Z"}
{"level":"error","message":"General Error Server 504","service":"user-service","timestamp":"2022-06-03T06:11:28.309Z"}
{"level":"error","message":"GET /favicon.ico 504 3.659 ms - 24","service":"user-service","timestamp":"2022-06-03T06:11:28.315Z"}
{"level":"error","message":"DELETE /todolists/6298b7f967e460b8360558ad 200 1405.302 ms - 15","service":"user-service","timestamp":"2022-06-03T06:12:46.441Z"}
{"level":"error","message":"GET /todolists?page=1&pageSize=5&search=&filter=0 200 1012.028 ms - 534","service":"user-service","timestamp":"2022-06-03T06:12:47.464Z"}
{"level":"error","message":"POST /todolists/6298b81f67e460b8360558af 201 1045.114 ms - 37","service":"user-service","timestamp":"2022-06-03T06:13:14.252Z"}
{"level":"error","message":"GET /todolists?page=1&pageSize=5&search=&filter=0 200 1038.868 ms - 6868","service":"user-service","timestamp":"2022-06-03T06:13:15.303Z"}
{"level":"error","message":"GET /todolists?page=1&pageSize=5&search=&filter=0 304 1284.714 ms - -","service":"user-service","timestamp":"2022-06-03T06:13:55.731Z"}
{"level":"error","message":"GET /todolists?page=1&pageSize=5&search=&filter=0 304 1312.976 ms - -","service":"user-service","timestamp":"2022-06-03T06:14:08.738Z"}
{"level":"info","message":"TodoBack listening on port 7574","service":"user-service","timestamp":"2022-06-03T06:14:59.209Z"}
{"level":"error","message":"DELETE /todolists/6298b81f67e460b8360558af 200 1037.677 ms - 15","service":"user-service","timestamp":"2022-06-03T06:15:04.425Z"}
{"level":"error","message":"GET /todolists?page=1&pageSize=5&search=&filter=0 200 1060.874 ms - 541","service":"user-service","timestamp":"2022-06-03T06:15:05.499Z"}
{"level":"error","message":"POST /todolists/6298bbab412e12786a179d96 201 2055.852 ms - 37","service":"user-service","timestamp":"2022-06-03T06:15:32.314Z"}
{"level":"error","message":"GET /todolists?page=1&pageSize=5&search=&filter=0 200 1050.671 ms - 540","service":"user-service","timestamp":"2022-06-03T06:15:33.380Z"}
{"level":"error","message":"GET /todolists?page=1&pageSize=15&search=&filter=0 200 1170.834 ms - 842","service":"user-service","timestamp":"2022-06-03T06:16:36.952Z"}
{"level":"error","message":"GET /todolists?page=1&pageSize=10&search=&filter=0 200 1038.464 ms - 842","service":"user-service","timestamp":"2022-06-03T06:16:40.340Z"}
{"level":"error","message":"GET /todolists?page=1&pageSize=5&search=&filter=0 304 1213.179 ms - -","service":"user-service","timestamp":"2022-06-03T06:16:43.980Z"}
{"level":"error","message":"GET /todolists?page=2&pageSize=5&search=&filter=0 200 1455.133 ms - 332","service":"user-service","timestamp":"2022-06-03T06:16:57.804Z"}
{"level":"error","message":"GET /todolists?page=1&pageSize=5&search=&filter=0 304 1142.104 ms - -","service":"user-service","timestamp":"2022-06-03T06:25:21.678Z"}
{"level":"error","message":"GET /todolists?page=1&pageSize=10&search=&filter=0 304 985.394 ms - -","service":"user-service","timestamp":"2022-06-03T06:25:25.112Z"}
{"level":"error","message":"Error deleted todo , incorrect id todolist","service":"user-service","timestamp":"2022-06-03T06:25:36.499Z"}
{"level":"error","message":"DELETE /todolists/6298bef9821bf3f3514a3ee0 500 1031.014 ms - 18","service":"user-service","timestamp":"2022-06-03T06:25:36.501Z"}
{"level":"info","message":"TodoBack listening on port 7574","service":"user-service","timestamp":"2022-06-03T06:27:54.732Z"}
{"level":"error","message":"GET /todolists?page=1&pageSize=10&search=&filter=0 200 1100.603 ms - 745","service":"user-service","timestamp":"2022-06-03T06:27:59.116Z"}
{"level":"error","message":"DELETE /todolists/6298bf05821bf3f3514a3ee1 200 1442.774 ms - 15","service":"user-service","timestamp":"2022-06-03T06:28:08.113Z"}
{"level":"error","message":"GET /todolists?page=1&pageSize=10&search=&filter=0 200 2661.919 ms - 644","service":"user-service","timestamp":"2022-06-03T06:28:10.787Z"}
{"level":"error","message":"DELETE /todolists/6298bbc8412e12786a179d98 200 1046.292 ms - 15","service":"user-service","timestamp":"2022-06-03T06:28:54.366Z"}
{"level":"error","message":"GET /todolists?page=1&pageSize=10&search=&filter=0 200 1168.710 ms - 542","service":"user-service","timestamp":"2022-06-03T06:28:55.547Z"}
{"error":{},"level":"error","message":"Error todo request, from create","service":"user-service","timestamp":"2022-06-03T06:29:08.579Z"}
{"level":"error","message":"POST /todolists/undefined 404 491.017 ms - 43","service":"user-service","timestamp":"2022-06-03T06:29:08.582Z"}
{"level":"info","message":"TodoBack listening on port 7574","service":"user-service","timestamp":"2022-06-03T06:29:50.330Z"}
{"level":"error","message":"GET /todolists?page=1&pageSize=10&search=&filter=0 304 1275.452 ms - -","service":"user-service","timestamp":"2022-06-03T06:29:56.842Z"}
{"error":{},"level":"error","message":"Error todo request, from create","service":"user-service","timestamp":"2022-06-03T06:30:07.166Z"}
{"level":"error","message":"POST /todolists/undefined 404 450.182 ms - 43","service":"user-service","timestamp":"2022-06-03T06:30:07.170Z"}
{"level":"info","message":"TodoBack listening on port 7574","service":"user-service","timestamp":"2022-06-03T06:30:14.907Z"}
{"level":"info","message":"TodoBack listening on port 7574","service":"user-service","timestamp":"2022-06-03T06:30:59.373Z"}
{"level":"info","message":"TodoBack listening on port 7574","service":"user-service","timestamp":"2022-06-03T06:31:02.270Z"}
{"level":"error","message":"GET /todolists?page=1&pageSize=10&search=&filter=0 304 1061.007 ms - -","service":"user-service","timestamp":"2022-06-03T06:31:04.201Z"}
{"level":"error","message":"POST /todolists/undefined 200 545.832 ms - 33","service":"user-service","timestamp":"2022-06-03T06:31:11.657Z"}
{"level":"error","message":"GET /todolists?page=1&pageSize=10&search=&filter=0 200 1027.692 ms - 654","service":"user-service","timestamp":"2022-06-03T06:31:12.714Z"}
{"level":"error","message":"DELETE /todolists/6299aaafa45eb446372735bb 200 1053.935 ms - 15","service":"user-service","timestamp":"2022-06-03T06:31:18.517Z"}
{"level":"error","message":"GET /todolists?page=1&pageSize=10&search=&filter=0 200 1008.882 ms - 542","service":"user-service","timestamp":"2022-06-03T06:31:19.538Z"}
{"level":"error","message":"POST /todolists/undefined 200 1081.841 ms - 33","service":"user-service","timestamp":"2022-06-03T06:31:28.655Z"}
{"level":"error","message":"GET /todolists?page=1&pageSize=10&search=&filter=0 200 993.259 ms - 654","service":"user-service","timestamp":"2022-06-03T06:31:29.660Z"}
{"level":"error","message":"POST /todolists/6298beb8821bf3f3514a3ede 200 766.523 ms - 33","service":"user-service","timestamp":"2022-06-03T06:32:08.638Z"}
{"level":"error","message":"GET /todolists?page=1&pageSize=10&search=&filter=0 200 1152.640 ms - 792","service":"user-service","timestamp":"2022-06-03T06:32:09.801Z"}
{"level":"info","message":"TodoBack listening on port 7574","service":"user-service","timestamp":"2022-06-03T06:33:33.679Z"}
{"level":"info","message":"TodoBack listening on port 7574","service":"user-service","timestamp":"2022-06-03T06:35:04.107Z"}
{"level":"info","message":"TodoBack listening on port 7574","service":"user-service","timestamp":"2022-06-03T06:35:07.695Z"}
{"level":"error","message":"POST /todolists/6299aae8a45eb446372735be 200 2747.799 ms - 33","service":"user-service","timestamp":"2022-06-03T06:36:43.761Z"}
{"level":"error","message":"GET /todolists?page=1&pageSize=10&search=&filter=0 200 1064.616 ms - 904","service":"user-service","timestamp":"2022-06-03T06:36:44.843Z"}
{"level":"info","message":"TodoBack listening on port 7574","service":"user-service","timestamp":"2022-06-03T06:43:26.552Z"}
{"level":"info","message":"TodoBack listening on port 7574","service":"user-service","timestamp":"2022-06-03T06:43:42.038Z"}
{"level":"error","message":"POST /todolists/6299abf9ebf26a96378c9d06 502 4.242 ms - 16","service":"user-service","timestamp":"2022-06-03T06:45:27.775Z"}
{"level":"info","message":"TodoBack listening on port 7574","service":"user-service","timestamp":"2022-06-03T06:46:10.653Z"}
{"level":"error","message":"GET /todolists?page=1&pageSize=10&search=&filter=0 304 1187.686 ms - -","service":"user-service","timestamp":"2022-06-03T06:46:12.789Z"}
{"level":"error","message":"POST /todolists/6299aae8a45eb446372735be 502 1.784 ms - 16","service":"user-service","timestamp":"2022-06-03T06:46:20.220Z"}
{"level":"info","message":"TodoBack listening on port 7574","service":"user-service","timestamp":"2022-06-03T06:46:43.178Z"}
{"level":"error","message":"GET /todolists?page=1&pageSize=10&search=&filter=0 304 1342.528 ms - -","service":"user-service","timestamp":"2022-06-03T06:46:47.349Z"}
{"level":"error","message":"POST /todolists/6299aae8a45eb446372735be 200 1083.030 ms - 33","service":"user-service","timestamp":"2022-06-03T06:47:07.528Z"}
{"level":"error","message":"GET /todolists?page=1&pageSize=10&search=&filter=0 200 1073.679 ms - 1011","service":"user-service","timestamp":"2022-06-03T06:47:08.617Z"}
{"level":"error","message":"POST /todolists/6299aae8a45eb446372735be 200 1216.560 ms - 33","service":"user-service","timestamp":"2022-06-03T06:47:39.808Z"}
{"level":"error","message":"GET /todolists?page=1&pageSize=10&search=&filter=0 200 1006.073 ms - 1118","service":"user-service","timestamp":"2022-06-03T06:47:40.827Z"}
{"level":"info","message":"TodoBack listening on port 7574","service":"user-service","timestamp":"2022-06-03T06:48:18.732Z"}
{"level":"info","message":"TodoBack listening on port 7574","service":"user-service","timestamp":"2022-06-03T06:48:20.451Z"}
{"level":"info","message":"TodoBack listening on port 7574","service":"user-service","timestamp":"2022-06-03T06:48:24.271Z"}
{"level":"error","message":"DELETE /todolists/6299ae6a47338fc2d0127b50 200 1080.340 ms - 15","service":"user-service","timestamp":"2022-06-03T06:48:29.767Z"}
{"level":"error","message":"GET /todolists?page=1&pageSize=10&search=&filter=0 200 1207.275 ms - 1010","service":"user-service","timestamp":"2022-06-03T06:48:30.986Z"}
{"level":"error","message":"Error params id todolist","service":"user-service","timestamp":"2022-06-03T06:48:44.293Z"}
{"level":"error","message":"POST /todolists/6299aae8a45eb446372735be 501 1441.739 ms - 19","service":"user-service","timestamp":"2022-06-03T06:48:44.296Z"}
{"level":"error","message":"GET /todolists?page=1&pageSize=10&search=&filter=0 200 1072.448 ms - 1004","service":"user-service","timestamp":"2022-06-03T06:49:15.148Z"}
{"level":"info","message":"TodoBack listening on port 7574","service":"user-service","timestamp":"2022-06-03T06:50:32.102Z"}
{"level":"error","message":"GET /todolists?page=1&pageSize=10&search=&filter=0 304 1424.122 ms - -","service":"user-service","timestamp":"2022-06-03T06:50:33.745Z"}
{"level":"error","message":"GET /todolists?page=1&pageSize=10&search=&filter=0 304 1206.056 ms - -","service":"user-service","timestamp":"2022-06-03T06:50:56.967Z"}
{"level":"error","message":"DELETE /todolists/6299aae8a45eb446372735be 200 1060.766 ms - 15","service":"user-service","timestamp":"2022-06-03T06:51:17.505Z"}
{"level":"error","message":"GET /todolists?page=1&pageSize=10&search=&filter=0 200 1021.240 ms - 872","service":"user-service","timestamp":"2022-06-03T06:51:18.540Z"}
{"level":"error","message":"Error params id todolist","service":"user-service","timestamp":"2022-06-03T06:51:26.930Z"}
{"level":"error","message":"POST /todolists/undefined 500 492.746 ms - 19","service":"user-service","timestamp":"2022-06-03T06:51:26.932Z"}
{"level":"info","message":"TodoBack listening on port 7574","service":"user-service","timestamp":"2022-06-03T06:53:10.776Z"}
{"level":"info","message":"TodoBack listening on port 7574","service":"user-service","timestamp":"2022-06-03T06:54:56.679Z"}
{"level":"error","message":"GET /todolists?page=1&pageSize=10&search=&filter=0 304 1582.460 ms - -","service":"user-service","timestamp":"2022-06-03T06:56:12.183Z"}
{"level":"error","message":"POST /todolists/6299aac0a45eb446372735bc 200 1022.164 ms - 2","service":"user-service","timestamp":"2022-06-03T06:56:25.361Z"}
{"level":"error","message":"GET /todolists?page=1&pageSize=10&search=&filter=0 200 1058.762 ms - 881","service":"user-service","timestamp":"2022-06-03T06:56:26.433Z"}
{"level":"error","message":"GET /todolists/file/6299aac0a45eb446372735bc 200 505.791 ms - 5788","service":"user-service","timestamp":"2022-06-03T06:56:29.039Z"}
{"error":{},"level":"error","message":"Error todo request, from create","service":"user-service","timestamp":"2022-06-03T06:56:40.446Z"}
{"level":"error","message":"POST /todolists/undefined 405 495.629 ms - 43","service":"user-service","timestamp":"2022-06-03T06:56:40.448Z"}
{"level":"info","message":"TodoBack listening on port 7574","service":"user-service","timestamp":"2022-06-03T06:57:52.794Z"}
{"level":"info","message":"TodoBack listening on port 7574","service":"user-service","timestamp":"2022-06-03T06:57:55.663Z"}
{"level":"info","message":"TodoBack listening on port 7574","service":"user-service","timestamp":"2022-06-03T06:59:48.123Z"}
{"level":"error","message":"GET /todolists?page=1&pageSize=10&search=&filter=0 304 1279.354 ms - -","service":"user-service","timestamp":"2022-06-03T07:02:20.189Z"}
{"level":"error","message":"GET /todolists?page=1&pageSize=10&search= 200 1250.646 ms - 881","service":"user-service","timestamp":"2022-06-03T07:03:20.036Z"}
{"level":"error","message":"General Error Server 504","service":"user-service","timestamp":"2022-06-03T07:03:20.327Z"}
{"level":"error","message":"GET /favicon.ico 504 2.706 ms - 24","service":"user-service","timestamp":"2022-06-03T07:03:20.331Z"}
{"level":"error","message":"GET /todolists?page=1&pageSize=10&search=&filter=0 304 1186.515 ms - -","service":"user-service","timestamp":"2022-06-03T07:03:30.014Z"}
{"level":"error","message":"GET /todolists?page=1&pageSize=10&search= 304 1058.505 ms - -","service":"user-service","timestamp":"2022-06-03T07:03:34.310Z"}
{"level":"error","message":"General Error Server 504","service":"user-service","timestamp":"2022-06-03T07:03:34.505Z"}
{"level":"error","message":"GET /favicon.ico 504 1.266 ms - 24","service":"user-service","timestamp":"2022-06-03T07:03:34.508Z"}
{"level":"info","message":"TodoBack listening on port 7574","service":"user-service","timestamp":"2022-06-03T07:04:34.195Z"}
{"level":"error","message":"DELETE /todolists/6298bbab412e12786a179d96 200 1143.019 ms - 15","service":"user-service","timestamp":"2022-06-03T07:04:39.303Z"}
{"level":"error","message":"GET /todolists?page=1&pageSize=10&search=&filter=0 200 1128.199 ms - 773","service":"user-service","timestamp":"2022-06-03T07:04:40.446Z"}
{"level":"error","message":"DELETE /todolists/6298bbdd412e12786a179d9a 200 1347.995 ms - 15","service":"user-service","timestamp":"2022-06-03T07:04:43.273Z"}
{"level":"error","message":"GET /todolists?page=1&pageSize=10&search=&filter=0 200 1510.757 ms - 675","service":"user-service","timestamp":"2022-06-03T07:04:44.795Z"}
{"level":"error","message":"DELETE /todolists/6298bc6d412e12786a179d9e 200 1299.667 ms - 15","service":"user-service","timestamp":"2022-06-03T07:04:47.143Z"}
{"level":"error","message":"GET /todolists?page=1&pageSize=10&search=&filter=0 200 1109.756 ms - 576","service":"user-service","timestamp":"2022-06-03T07:04:48.264Z"}
{"level":"error","message":"DELETE /todolists/6298bd01821bf3f3514a3edc 200 1248.384 ms - 15","service":"user-service","timestamp":"2022-06-03T07:04:51.391Z"}
{"level":"error","message":"GET /todolists?page=1&pageSize=10&search=&filter=0 200 1120.589 ms - 473","service":"user-service","timestamp":"2022-06-03T07:04:52.524Z"}
{"level":"error","message":"DELETE /todolists/6299aac0a45eb446372735bc 200 1596.301 ms - 15","service":"user-service","timestamp":"2022-06-03T07:04:55.229Z"}
{"level":"error","message":"GET /todolists?page=1&pageSize=10&search=&filter=0 200 1083.485 ms - 352","service":"user-service","timestamp":"2022-06-03T07:04:56.324Z"}
{"level":"error","message":"DELETE /todolists/6299abf9ebf26a96378c9d06 200 1437.982 ms - 15","service":"user-service","timestamp":"2022-06-03T07:04:59.015Z"}
{"level":"error","message":"GET /todolists?page=1&pageSize=10&search=&filter=0 200 1274.769 ms - 240","service":"user-service","timestamp":"2022-06-03T07:05:00.303Z"}
{"level":"error","message":"DELETE /todolists/6298beb8821bf3f3514a3ede 200 1013.584 ms - 15","service":"user-service","timestamp":"2022-06-03T07:05:02.767Z"}
{"level":"error","message":"GET /todolists?page=1&pageSize=10&search=&filter=0 200 1040.980 ms - 136","service":"user-service","timestamp":"2022-06-03T07:05:03.822Z"}
{"level":"error","message":"DELETE /todolists/6299ae8b47338fc2d0127b52 200 1037.570 ms - 15","service":"user-service","timestamp":"2022-06-03T07:05:15.048Z"}
{"level":"error","message":"GET /todolists?page=1&pageSize=10&search=&filter=0 200 1080.836 ms - 31","service":"user-service","timestamp":"2022-06-03T07:05:16.140Z"}
{"error":{},"level":"error","message":"Error todo request, from create","service":"user-service","timestamp":"2022-06-03T07:05:28.623Z"}
{"level":"error","message":"POST /todolists/undefined 405 455.167 ms - 43","service":"user-service","timestamp":"2022-06-03T07:05:28.625Z"}
{"level":"info","message":"TodoBack listening on port 7574","service":"user-service","timestamp":"2022-06-03T07:05:58.942Z"}
{"level":"error","message":"GET /todolists?page=1&pageSize=10&search=&filter=0 304 1277.994 ms - -","service":"user-service","timestamp":"2022-06-03T07:06:01.270Z"}
{"error":{},"level":"error","message":"Error todo request, from create","service":"user-service","timestamp":"2022-06-03T07:06:09.590Z"}
{"level":"error","message":"POST /todolists/undefined 405 463.247 ms - 43","service":"user-service","timestamp":"2022-06-03T07:06:09.594Z"}
{"level":"info","message":"TodoBack listening on port 7574","service":"user-service","timestamp":"2022-06-03T07:07:55.099Z"}
{"level":"error","message":"GET /todolists?page=1&pageSize=10&search=&filter=0 304 1086.280 ms - -","service":"user-service","timestamp":"2022-06-03T07:07:56.853Z"}
{"error":{},"level":"error","message":"Error todo request, from create","service":"user-service","timestamp":"2022-06-03T07:08:11.059Z"}
{"level":"error","message":"POST /todolists/undefined 405 497.964 ms - 43","service":"user-service","timestamp":"2022-06-03T07:08:11.064Z"}
{"level":"info","message":"TodoBack listening on port 7574","service":"user-service","timestamp":"2022-06-03T07:08:50.354Z"}
{"level":"error","message":"GET /todolists?page=1&pageSize=10&search=&filter=0 304 1323.126 ms - -","service":"user-service","timestamp":"2022-06-03T07:08:51.790Z"}
{"error":{},"level":"error","message":"Error todo request, from create","service":"user-service","timestamp":"2022-06-03T07:08:58.816Z"}
{"level":"error","message":"POST /todolists/undefined 405 879.388 ms - 43","service":"user-service","timestamp":"2022-06-03T07:08:58.819Z"}
{"level":"info","message":"TodoBack listening on port 7574","service":"user-service","timestamp":"2022-06-03T07:11:16.327Z"}
{"level":"error","message":"GET /todolists?page=1&pageSize=10&search=&filter=0 304 1138.822 ms - -","service":"user-service","timestamp":"2022-06-03T07:11:18.141Z"}
{"error":{},"level":"error","message":"Error todo request, from create","service":"user-service","timestamp":"2022-06-03T07:11:21.568Z"}
{"level":"error","message":"POST /todolists/undefined 405 502.010 ms - 43","service":"user-service","timestamp":"2022-06-03T07:11:21.571Z"}
{"level":"info","message":"TodoBack listening on port 7574","service":"user-service","timestamp":"2022-06-03T07:11:53.579Z"}
{"level":"info","message":"TodoBack listening on port 7574","service":"user-service","timestamp":"2022-06-03T07:12:12.763Z"}
{"level":"error","message":"GET /todolists?page=1&pageSize=10&search=&filter=0 304 1437.090 ms - -","service":"user-service","timestamp":"2022-06-03T07:12:26.190Z"}
{"error":{},"level":"error","message":"Error todo request, from create","service":"user-service","timestamp":"2022-06-03T07:12:33.906Z"}
{"level":"error","message":"POST /todolists/undefined 405 611.043 ms - 43","service":"user-service","timestamp":"2022-06-03T07:12:33.910Z"}
{"level":"info","message":"TodoBack listening on port 7574","service":"user-service","timestamp":"2022-06-03T07:13:05.112Z"}
{"level":"info","message":"TodoBack listening on port 7574","service":"user-service","timestamp":"2022-06-03T07:13:59.379Z"}
{"level":"error","message":"GET /todolists?page=1&pageSize=10&search=&filter=0 304 1142.390 ms - -","service":"user-service","timestamp":"2022-06-03T07:14:03.949Z"}
{"error":{},"level":"error","message":"Error todo request, from create","service":"user-service","timestamp":"2022-06-03T07:14:07.838Z"}
{"level":"error","message":"POST /todolists/undefined 405 493.633 ms - 43","service":"user-service","timestamp":"2022-06-03T07:14:07.841Z"}
{"level":"info","message":"TodoBack listening on port 7574","service":"user-service","timestamp":"2022-06-03T07:14:46.798Z"}
{"level":"error","message":"GET /todolists?page=1&pageSize=10&search=&filter=0 304 1042.107 ms - -","service":"user-service","timestamp":"2022-06-03T07:14:47.911Z"}
{"error":{},"level":"error","message":"Error todo request, from create","service":"user-service","timestamp":"2022-06-03T07:14:51.472Z"}
{"level":"error","message":"POST /todolists/undefined 405 759.451 ms - 43","service":"user-service","timestamp":"2022-06-03T07:14:51.477Z"}
{"level":"info","message":"TodoBack listening on port 7574","service":"user-service","timestamp":"2022-06-03T07:15:08.396Z"}
{"level":"info","message":"TodoBack listening on port 7574","service":"user-service","timestamp":"2022-06-03T07:16:34.816Z"}
{"level":"info","message":"TodoBack listening on port 7574","service":"user-service","timestamp":"2022-06-03T07:16:41.299Z"}
{"level":"info","message":"TodoBack listening on port 7574","service":"user-service","timestamp":"2022-06-03T07:17:18.951Z"}
{"level":"info","message":"TodoBack listening on port 7574","service":"user-service","timestamp":"2022-06-03T07:17:29.645Z"}
{"level":"info","message":"TodoBack listening on port 7574","service":"user-service","timestamp":"2022-06-03T07:17:32.168Z"}
{"level":"error","message":"GET /todolists?page=1&pageSize=10&search=&filter=0 304 1325.481 ms - -","service":"user-service","timestamp":"2022-06-03T07:17:36.759Z"}
{"level":"info","message":"TodoBack listening on port 7574","service":"user-service","timestamp":"2022-06-03T07:18:11.032Z"}
{"level":"info","message":"TodoBack listening on port 7574","service":"user-service","timestamp":"2022-06-03T07:18:24.403Z"}
{"level":"info","message":"TodoBack listening on port 7574","service":"user-service","timestamp":"2022-06-03T07:18:29.837Z"}
{"error":{},"level":"error","message":"Error todo request, from create","service":"user-service","timestamp":"2022-06-03T07:18:36.136Z"}
{"level":"error","message":"POST /todolists/undefined 405 767.436 ms - 43","service":"user-service","timestamp":"2022-06-03T07:18:36.144Z"}
{"level":"info","message":"TodoBack listening on port 7574","service":"user-service","timestamp":"2022-06-03T07:19:24.836Z"}
{"level":"error","message":"GET /todolists?page=1&pageSize=10&search=&filter=0 304 1056.217 ms - -","service":"user-service","timestamp":"2022-06-03T07:19:34.872Z"}
{"error":{},"level":"error","message":"Error todo request, from create","service":"user-service","timestamp":"2022-06-03T07:19:38.891Z"}
{"level":"error","message":"POST /todolists/undefined 405 734.507 ms - 43","service":"user-service","timestamp":"2022-06-03T07:19:38.894Z"}
{"level":"info","message":"TodoBack listening on port 7574","service":"user-service","timestamp":"2022-06-03T07:20:08.177Z"}
{"level":"info","message":"TodoBack listening on port 7574","service":"user-service","timestamp":"2022-06-03T07:20:25.737Z"}
{"level":"info","message":"TodoBack listening on port 7574","service":"user-service","timestamp":"2022-06-03T07:20:28.205Z"}
{"level":"error","message":"GET /todolists?page=1&pageSize=10&search=&filter=0 304 1160.054 ms - -","service":"user-service","timestamp":"2022-06-03T07:20:30.852Z"}
{"error":{},"level":"error","message":"Error todo request, from create","service":"user-service","timestamp":"2022-06-03T07:20:35.205Z"}
{"level":"error","message":"POST /todolists/undefined 405 541.382 ms - 43","service":"user-service","timestamp":"2022-06-03T07:20:35.208Z"}
{"level":"error","message":"GET /todolists?page=1&pageSize=10&search=&filter=0 304 1123.171 ms - -","service":"user-service","timestamp":"2022-06-03T07:20:38.732Z"}
{"level":"info","message":"TodoBack listening on port 7574","service":"user-service","timestamp":"2022-06-03T07:21:05.102Z"}
{"level":"error","message":"GET /todolists?page=1&pageSize=10&search=&filter=0 304 1067.054 ms - -","service":"user-service","timestamp":"2022-06-03T07:21:06.853Z"}
{"error":{},"level":"error","message":"Error todo request, from create","service":"user-service","timestamp":"2022-06-03T07:21:12.694Z"}
{"level":"error","message":"POST /todolists/undefined 405 537.899 ms - 43","service":"user-service","timestamp":"2022-06-03T07:21:12.696Z"}
{"level":"info","message":"TodoBack listening on port 7574","service":"user-service","timestamp":"2022-06-03T07:21:37.570Z"}
{"level":"error","message":"GET /todolists?page=1&pageSize=10&search=&filter=0 304 1482.079 ms - -","service":"user-service","timestamp":"2022-06-03T07:21:43.811Z"}
{"level":"error","message":"POST /todolists/undefined 200 524.319 ms - 33","service":"user-service","timestamp":"2022-06-03T07:21:47.425Z"}
{"level":"error","message":"GET /todolists?page=1&pageSize=10&search=&filter=0 200 1033.263 ms - 104","service":"user-service","timestamp":"2022-06-03T07:21:48.474Z"}
{"level":"error","message":"GET /todolists?page=1&pageSize=10&search=&filter=0 304 1238.571 ms - -","service":"user-service","timestamp":"2022-06-03T07:21:52.351Z"}
{"level":"error","message":"GET /todolists?page=1&pageSize=10&search=&filter=0 200 1024.143 ms - 31","service":"user-service","timestamp":"2022-06-03T07:22:13.309Z"}
{"level":"info","message":"TodoBack listening on port 7574","service":"user-service","timestamp":"2022-06-03T07:22:36.756Z"}
{"level":"info","message":"TodoBack listening on port 7574","service":"user-service","timestamp":"2022-06-03T07:22:47.999Z"}
{"error":{},"level":"error","message":"Error todo request, from create","service":"user-service","timestamp":"2022-06-03T07:22:56.875Z"}
{"level":"error","message":"POST /todolists/undefined 405 536.637 ms - 43","service":"user-service","timestamp":"2022-06-03T07:22:56.882Z"}
{"level":"info","message":"TodoBack listening on port 7574","service":"user-service","timestamp":"2022-06-03T07:23:09.285Z"}
{"level":"error","message":"GET /todolists?page=1&pageSize=10&search=&filter=0 304 1096.406 ms - -","service":"user-service","timestamp":"2022-06-03T07:23:11.344Z"}
{"error":{},"level":"error","message":"Error todo request, from create","service":"user-service","timestamp":"2022-06-03T07:23:19.704Z"}
{"level":"error","message":"POST /todolists/undefined 405 488.051 ms - 43","service":"user-service","timestamp":"2022-06-03T07:23:19.708Z"}
{"level":"info","message":"TodoBack listening on port 7574","service":"user-service","timestamp":"2022-06-03T07:23:43.268Z"}
{"level":"info","message":"TodoBack listening on port 7574","service":"user-service","timestamp":"2022-06-03T07:23:49.326Z"}
{"level":"info","message":"TodoBack listening on port 7574","service":"user-service","timestamp":"2022-06-03T07:24:00.384Z"}
{"level":"error","message":"GET /todolists?page=1&pageSize=10&search=&filter=0 304 1606.287 ms - -","service":"user-service","timestamp":"2022-06-03T07:24:03.784Z"}
{"error":{},"level":"error","message":"Error todo request, from create","service":"user-service","timestamp":"2022-06-03T07:24:07.710Z"}
{"level":"error","message":"POST /todolists/undefined 405 506.879 ms - 43","service":"user-service","timestamp":"2022-06-03T07:24:07.714Z"}
{"level":"info","message":"TodoBack listening on port 7574","service":"user-service","timestamp":"2022-06-03T07:25:06.830Z"}
{"level":"error","message":"GET /todolists?page=1&pageSize=10&search=&filter=0 304 1158.017 ms - -","service":"user-service","timestamp":"2022-06-03T07:25:09.175Z"}
{"error":{},"level":"error","message":"Error todo request, from create","service":"user-service","timestamp":"2022-06-03T07:25:16.163Z"}
{"level":"error","message":"POST /todolists/undefined 405 468.413 ms - 43","service":"user-service","timestamp":"2022-06-03T07:25:16.167Z"}
{"level":"info","message":"TodoBack listening on port 7574","service":"user-service","timestamp":"2022-06-03T07:25:34.540Z"}
{"level":"info","message":"TodoBack listening on port 7574","service":"user-service","timestamp":"2022-06-03T07:27:10.487Z"}
{"level":"error","message":"GET /todolists?page=1&pageSize=10&search=&filter=0 304 1129.087 ms - -","service":"user-service","timestamp":"2022-06-03T07:27:12.301Z"}
{"level":"error","message":"GET /todolists?page=1&pageSize=10&search=&filter=0 304 1300.247 ms - -","service":"user-service","timestamp":"2022-06-03T07:32:29.406Z"}
{"level":"error","message":"GET /todolists?page=1&pageSize=10&search=&filter=0 304 1414.245 ms - -","service":"user-service","timestamp":"2022-06-03T07:47:33.900Z"}
{"level":"error","message":"GET /todolists?page=1&pageSize=10&search=&filter=0 304 1146.035 ms - -","service":"user-service","timestamp":"2022-06-03T07:51:38.977Z"}
{"level":"error","message":"GET /todolists?page=1&pageSize=10&search=&filter=0 304 1362.547 ms - -","service":"user-service","timestamp":"2022-06-03T07:55:32.884Z"}
{"level":"error","message":"GET /todolists?page=1&pageSize=10&search=&filter=0 304 1307.980 ms - -","service":"user-service","timestamp":"2022-06-03T07:56:31.713Z"}
{"error":{},"level":"error","message":"Error todo request, from create","service":"user-service","timestamp":"2022-06-03T08:00:23.202Z"}
{"level":"error","message":"POST /todolists/undefined 405 580.278 ms - 43","service":"user-service","timestamp":"2022-06-03T08:00:23.205Z"}
{"level":"error","message":"GET /todolists?page=1&pageSize=10&search=&filter=0 304 1049.921 ms - -","service":"user-service","timestamp":"2022-06-03T08:00:26.144Z"}
{"level":"error","message":"GET /todolists?page=1&pageSize=10&search=&filter=0 304 1191.469 ms - -","service":"user-service","timestamp":"2022-06-03T08:01:46.556Z"}
{"level":"error","message":"General Error Server 504","service":"user-service","timestamp":"2022-06-03T08:01:59.497Z"}
{"level":"error","message":"POST /todolists 504 2.868 ms - 24","service":"user-service","timestamp":"2022-06-03T08:01:59.501Z"}
{"level":"info","message":"TodoBack listening on port 7574","service":"user-service","timestamp":"2022-06-03T08:03:51.565Z"}
{"level":"error","message":"GET /todolists?page=1&pageSize=10&search=&filter=0 304 1031.296 ms - -","service":"user-service","timestamp":"2022-06-03T08:03:55.273Z"}
{"level":"error","message":"POST /todolists 200 534.831 ms - 33","service":"user-service","timestamp":"2022-06-03T08:04:02.464Z"}
{"level":"error","message":"GET /todolists?page=1&pageSize=10&search=&filter=0 200 1228.579 ms - 130","service":"user-service","timestamp":"2022-06-03T08:04:03.706Z"}
{"level":"error","message":"POST /todolists 200 1025.180 ms - 33","service":"user-service","timestamp":"2022-06-03T08:04:12.765Z"}
{"level":"error","message":"GET /todolists?page=1&pageSize=10&search=&filter=0 200 1007.203 ms - 227","service":"user-service","timestamp":"2022-06-03T08:04:13.784Z"}
{"level":"error","message":"DELETE /todolists/6299c0726aee385f6b387e6c 200 1296.087 ms - 15","service":"user-service","timestamp":"2022-06-03T08:04:53.045Z"}
{"level":"error","message":"GET /todolists?page=1&pageSize=10&search=&filter=0 200 1032.027 ms - 127","service":"user-service","timestamp":"2022-06-03T08:04:54.090Z"}
{"level":"error","message":"POST /todolists 200 1947.096 ms - 33","service":"user-service","timestamp":"2022-06-03T08:05:00.992Z"}
{"level":"error","message":"GET /todolists?page=1&pageSize=10&search=&filter=0 200 1167.534 ms - 228","service":"user-service","timestamp":"2022-06-03T08:05:02.190Z"}
{"level":"info","message":"TodoBack listening on port 7574","service":"user-service","timestamp":"2022-06-03T08:05:53.837Z"}
{"level":"error","message":"POST /todolists 201 2056.488 ms - 33","service":"user-service","timestamp":"2022-06-03T08:06:03.514Z"}
{"level":"error","message":"GET /todolists?page=1&pageSize=10&search=&filter=0 200 1223.916 ms - 325","service":"user-service","timestamp":"2022-06-03T08:06:04.755Z"}
{"level":"error","message":"GET /todolists?page=1&pageSize=10&search=&filter=0 304 1207.374 ms - -","service":"user-service","timestamp":"2022-06-03T08:06:35.586Z"}
{"level":"info","message":"TodoBack listening on port 7574","service":"user-service","timestamp":"2022-06-03T08:07:27.609Z"}
{"level":"error","message":"GET /todolists?page=1&pageSize=10&search=&filter=0 304 1109.929 ms - -","service":"user-service","timestamp":"2022-06-03T08:07:41.342Z"}
{"level":"error","message":"DELETE /todolists/6299c07c6aee385f6b387e6d 200 1226.201 ms - 15","service":"user-service","timestamp":"2022-06-03T08:07:44.223Z"}
{"level":"error","message":"GET /todolists?page=1&pageSize=10&search=&filter=0 200 997.427 ms - 228","service":"user-service","timestamp":"2022-06-03T08:07:45.234Z"}
{"level":"error","message":"GET /todolists?page=1&pageSize=10&search=&filter=0 304 1556.849 ms - -","service":"user-service","timestamp":"2022-06-03T08:08:36.909Z"}
{"level":"error","message":"POST /todolists 201 490.622 ms - 33","service":"user-service","timestamp":"2022-06-03T08:08:43.085Z"}
{"level":"error","message":"GET /todolists?page=1&pageSize=10&search=&filter=0 200 1055.537 ms - 331","service":"user-service","timestamp":"2022-06-03T08:08:44.152Z"}
{"level":"error","message":"POST /todolists/6299c18b331b902903ebe5b3 200 2020.893 ms - 33","service":"user-service","timestamp":"2022-06-03T08:08:54.870Z"}
{"level":"error","message":"GET /todolists?page=1&pageSize=10&search=&filter=0 200 998.181 ms - 327","service":"user-service","timestamp":"2022-06-03T08:08:55.880Z"}
{"level":"error","message":"GET /todolists/file/6299c18b331b902903ebe5b3 500 624.988 ms - 27","service":"user-service","timestamp":"2022-06-03T08:09:03.308Z"}
{"level":"info","message":"TodoBack listening on port 7574","service":"user-service","timestamp":"2022-06-03T08:11:12.399Z"}
{"level":"info","message":"TodoBack listening on port 7574","service":"user-service","timestamp":"2022-06-03T08:11:16.120Z"}
{"level":"error","message":"GET /todolists/file/6299c0e98a4a2cd116672015 200 1542.828 ms - 2361171","service":"user-service","timestamp":"2022-06-03T08:11:22.537Z"}
{"level":"error","message":"GET /todolists?page=1&pageSize=10&search=&filter=0 304 1102.159 ms - -","service":"user-service","timestamp":"2022-06-03T08:11:27.494Z"}
{"level":"error","message":"GET /todolists/file/6299c18b331b902903ebe5b3 500 547.822 ms - 27","service":"user-service","timestamp":"2022-06-03T08:11:29.282Z"}
{"level":"info","message":"TodoBack listening on port 7574","service":"user-service","timestamp":"2022-06-03T08:14:25.783Z"}
{"level":"info","message":"TodoBack listening on port 7574","service":"user-service","timestamp":"2022-06-03T08:16:13.664Z"}
{"level":"error","message":"GET /todolists?page=1&pageSize=10&search=&filter=0 304 1104.105 ms - -","service":"user-service","timestamp":"2022-06-03T08:16:17.976Z"}
{"level":"error","message":"POST /todolists 201 549.925 ms - 33","service":"user-service","timestamp":"2022-06-03T08:16:28.060Z"}
{"level":"error","message":"GET /todolists?page=1&pageSize=10&search=&filter=0 200 1015.280 ms - 440","service":"user-service","timestamp":"2022-06-03T08:16:29.107Z"}
{"level":"error","message":"POST /todolists/6299c35cb5a2c821a0520eb8 200 2284.890 ms - 33","service":"user-service","timestamp":"2022-06-03T08:16:42.205Z"}
{"level":"error","message":"GET /todolists?page=1&pageSize=10&search=&filter=0 200 1014.053 ms - 445","service":"user-service","timestamp":"2022-06-03T08:16:43.234Z"}
{"level":"error","message":"GET /todolists/file/6299c35cb5a2c821a0520eb8 500 524.788 ms - 27","service":"user-service","timestamp":"2022-06-03T08:16:47.084Z"}
{"level":"error","message":"DELETE /todolists/6299c35cb5a2c821a0520eb8 200 1323.994 ms - 15","service":"user-service","timestamp":"2022-06-03T08:16:55.741Z"}
{"level":"error","message":"GET /todolists?page=1&pageSize=10&search=&filter=0 200 996.798 ms - 327","service":"user-service","timestamp":"2022-06-03T08:16:56.751Z"}
{"level":"error","message":"POST /todolists 201 645.988 ms - 33","service":"user-service","timestamp":"2022-06-03T08:17:17.512Z"}
{"level":"error","message":"GET /todolists?page=1&pageSize=10&search=&filter=0 200 972.813 ms - 440","service":"user-service","timestamp":"2022-06-03T08:17:18.496Z"}
{"level":"error","message":"POST /todolists/6299c38db5a2c821a0520eba 200 1559.317 ms - 33","service":"user-service","timestamp":"2022-06-03T08:17:35.954Z"}
{"level":"error","message":"GET /todolists?page=1&pageSize=10&search=&filter=0 200 986.110 ms - 445","service":"user-service","timestamp":"2022-06-03T08:17:36.953Z"}
{"level":"info","message":"TodoBack listening on port 7574","service":"user-service","timestamp":"2022-06-03T08:18:56.740Z"}
{"level":"error","message":"GET /todolists/file/6299c38db5a2c821a0520eba 500 527.537 ms - 27","service":"user-service","timestamp":"2022-06-03T08:18:59.998Z"}
{"level":"info","message":"TodoBack listening on port 7574","service":"user-service","timestamp":"2022-06-03T08:19:23.524Z"}
{"level":"error","message":"GET /todolists?page=1&pageSize=10&search=&filter=0 304 1110.037 ms - -","service":"user-service","timestamp":"2022-06-03T08:19:25.110Z"}
{"level":"error","message":"GET /todolists/file/6299c38db5a2c821a0520eba 500 520.833 ms - 27","service":"user-service","timestamp":"2022-06-03T08:19:26.377Z"}
{"level":"info","message":"TodoBack listening on port 7574","service":"user-service","timestamp":"2022-06-03T08:21:27.451Z"}
{"level":"error","message":"POST /todolists/6299c38db5a2c821a0520eba 200 1609.861 ms - 33","service":"user-service","timestamp":"2022-06-03T08:21:39.015Z"}
{"level":"error","message":"GET /todolists?page=1&pageSize=10&search=&filter=0 200 1236.078 ms - 424","service":"user-service","timestamp":"2022-06-03T08:21:40.266Z"}
{"level":"error","message":"GET /todolists/file/6299c38db5a2c821a0520eba 500 504.885 ms - 27","service":"user-service","timestamp":"2022-06-03T08:21:42.414Z"}
{"level":"error","message":"DELETE /todolists/6299c18b331b902903ebe5b3 200 1480.319 ms - 15","service":"user-service","timestamp":"2022-06-03T08:22:41.177Z"}
{"level":"error","message":"GET /todolists?page=1&pageSize=10&search=&filter=0 200 1040.584 ms - 325","service":"user-service","timestamp":"2022-06-03T08:22:42.225Z"}
{"level":"error","message":"DELETE /todolists/6299c38db5a2c821a0520eba 200 1008.238 ms - 15","service":"user-service","timestamp":"2022-06-03T08:22:44.743Z"}
{"level":"error","message":"GET /todolists?page=1&pageSize=10&search=&filter=0 200 1218.776 ms - 228","service":"user-service","timestamp":"2022-06-03T08:22:45.974Z"}
{"level":"error","message":"POST /todolists 201 558.316 ms - 33","service":"user-service","timestamp":"2022-06-03T08:22:54.676Z"}
{"level":"error","message":"GET /todolists?page=1&pageSize=10&search=&filter=0 200 1100.277 ms - 323","service":"user-service","timestamp":"2022-06-03T08:22:55.786Z"}
{"level":"error","message":"POST /todolists/6299c4de96b45d63cb5a1bf9 200 1524.550 ms - 33","service":"user-service","timestamp":"2022-06-03T08:23:38.225Z"}
{"level":"error","message":"GET /todolists?page=1&pageSize=10&search=&filter=0 200 982.810 ms - 327","service":"user-service","timestamp":"2022-06-03T08:23:39.215Z"}
{"level":"error","message":"GET /todolists/file/6299c4de96b45d63cb5a1bf9 200 573.300 ms - 6391","service":"user-service","timestamp":"2022-06-03T08:23:59.236Z"}
{"level":"error","message":"DELETE /todolists/6299c4de96b45d63cb5a1bf9 200 1140.450 ms - 15","service":"user-service","timestamp":"2022-06-03T08:24:06.045Z"}
{"level":"error","message":"GET /todolists?page=1&pageSize=10&search=&filter=0 200 1332.041 ms - 228","service":"user-service","timestamp":"2022-06-03T08:24:07.385Z"}
{"level":"error","message":"POST /todolists 201 649.261 ms - 33","service":"user-service","timestamp":"2022-06-03T08:24:31.742Z"}
{"level":"error","message":"GET /todolists?page=1&pageSize=10&search=&filter=0 200 1098.623 ms - 329","service":"user-service","timestamp":"2022-06-03T08:24:32.850Z"}
{"level":"error","message":"POST /todolists/6299c53f96b45d63cb5a1bfb 200 2280.575 ms - 33","service":"user-service","timestamp":"2022-06-03T08:24:44.966Z"}
{"level":"error","message":"GET /todolists?page=1&pageSize=10&search=&filter=0 200 1023.043 ms - 327","service":"user-service","timestamp":"2022-06-03T08:24:46.021Z"}
{"level":"error","message":"GET /todolists/file/6299c53f96b45d63cb5a1bfb 200 1448.034 ms - 2361171","service":"user-service","timestamp":"2022-06-03T08:24:49.380Z"}
{"level":"error","message":"GET /todolists/file/6299c0e98a4a2cd116672015 304 1338.657 ms - -","service":"user-service","timestamp":"2022-06-03T08:24:53.821Z"}
{"level":"error","message":"GET /todolists/file/6299c0ab6aee385f6b387e6f 200 1642.961 ms - 2361171","service":"user-service","timestamp":"2022-06-03T08:24:56.559Z"}
{"level":"error","message":"POST /todolists/6299c53f96b45d63cb5a1bfb 200 1654.258 ms - 33","service":"user-service","timestamp":"2022-06-03T08:25:03.325Z"}
{"level":"error","message":"GET /todolists?page=1&pageSize=10&search=&filter=0 200 1029.165 ms - 329","service":"user-service","timestamp":"2022-06-03T08:25:04.364Z"}
{"level":"info","message":"TodoBack listening on port 7574","service":"user-service","timestamp":"2022-06-03T08:28:48.238Z"}
{"level":"info","message":"TodoBack listening on port 7574","service":"user-service","timestamp":"2022-06-03T08:28:50.291Z"}
{"level":"error","message":"POST /todolists/6299c0e98a4a2cd116672015 200 2094.392 ms - 33","service":"user-service","timestamp":"2022-06-03T08:28:58.647Z"}
{"level":"error","message":"GET /todolists?page=1&pageSize=10&search=&filter=0 200 959.061 ms - 332","service":"user-service","timestamp":"2022-06-03T08:28:59.617Z"}
{"level":"error","message":"POST /todolists 201 1933.269 ms - 33","service":"user-service","timestamp":"2022-06-03T08:30:00.079Z"}
{"level":"error","message":"GET /todolists?page=1&pageSize=10&search=&filter=0 200 1199.524 ms - 127","service":"user-service","timestamp":"2022-06-03T08:30:01.288Z"}
{"level":"error","message":"POST /todolists/6299c6867067812c5192db00 200 2160.724 ms - 33","service":"user-service","timestamp":"2022-06-03T08:30:17.164Z"}
{"level":"error","message":"GET /todolists?page=1&pageSize=10&search=&filter=0 200 1053.467 ms - 129","service":"user-service","timestamp":"2022-06-03T08:30:18.229Z"}
{"level":"info","message":"TodoBack listening on port 7574","service":"user-service","timestamp":"2022-06-03T08:30:38.754Z"}
{"level":"error","message":"POST /todolists/6299c6867067812c5192db00 200 1967.383 ms - 33","service":"user-service","timestamp":"2022-06-03T08:30:46.951Z"}
{"level":"error","message":"GET /todolists?page=1&pageSize=10&search=&filter=0 200 1269.867 ms - 127","service":"user-service","timestamp":"2022-06-03T08:30:48.228Z"}
